[18914:18914:0517/151155.496806:ERROR:./../src/base/files/file_path_watcher_inotify.cc:922] Failed to read /proc/sys/fs/inotify/max_user_watches
[18915:18915:0517/151155.496812:ERROR:./../src/base/files/file_path_watcher_inotify.cc:922] Failed to read /proc/sys/fs/inotify/max_user_watches
[18857:18948:0517/151155.560100:ERROR:./../src/base/files/file_path_watcher_inotify.cc:922] Failed to read /proc/sys/fs/inotify/max_user_watches
[18857:18949:0517/151155.564789:ERROR:./../src/dbus/bus.cc:405] Failed to connect to the bus: Failed to connect to socket /data/data/com.termux/files/usr/var/run/dbus/system_bus_socket: No such file or directory
[18857:18949:0517/151155.584284:ERROR:./../src/dbus/bus.cc:405] Failed to connect to the bus: Could not parse server address: Unknown address type (examples of valid types are "tcp" and on UNIX "unix")
[18857:18949:0517/151155.584405:ERROR:./../src/dbus/bus.cc:405] Failed to connect to the bus: Failed to connect to socket /data/data/com.termux/files/usr/var/run/dbus/system_bus_socket: No such file or directory
[18857:18949:0517/151155.584497:ERROR:./../src/dbus/bus.cc:405] Failed to connect to the bus: Failed to connect to socket /data/data/com.termux/files/usr/var/run/dbus/system_bus_socket: No such file or directory
[18857:18953:0517/151155.584995:ERROR:../src/net/base/address_tracker_linux.cc:243] Could not bind NETLINK socket: Permission denied (13)
[18857:18949:0517/151155.620809:ERROR:./../src/dbus/bus.cc:405] Failed to connect to the bus: Could not parse server address: Unknown address type (examples of valid types are "tcp" and on UNIX "unix")
[18857:18949:0517/151155.654889:ERROR:./../src/dbus/bus.cc:405] Failed to connect to the bus: Could not parse server address: Unknown address type (examples of valid types are "tcp" and on UNIX "unix")
[18982:18982:0517/151155.664670:ERROR:./../src/base/memory/shared_memory_switch.cc:289] Failed global descriptor lookup: 7
[18857:18857:0517/151155.811888:ERROR:./../src/dbus/object_proxy.cc:572] Failed to call method: org.freedesktop.DBus.NameHasOwner: object_path= /org/freedesktop/DBus: unknown error type: 
[18857:18949:0517/151155.812048:ERROR:./../src/dbus/bus.cc:405] Failed to connect to the bus: Could not parse server address: Unknown address type (examples of valid types are "tcp" and on UNIX "unix")
[18857:18857:0517/151155.813192:ERROR:./../src/dbus/object_proxy.cc:572] Failed to call method: org.freedesktop.DBus.NameHasOwner: object_path= /org/freedesktop/DBus: unknown error type: 
[18857:18857:0517/151155.820132:ERROR:./../src/dbus/object_proxy.cc:572] Failed to call method: org.freedesktop.DBus.NameHasOwner: object_path= /org/freedesktop/DBus: unknown error type: 
[18857:18949:0517/151155.829984:ERROR:./../src/dbus/bus.cc:405] Failed to connect to the bus: Failed to connect to socket /data/data/com.termux/files/usr/var/run/dbus/system_bus_socket: No such file or directory
[18857:18857:0517/151155.829992:ERROR:./../src/dbus/object_proxy.cc:572] Failed to call method: org.freedesktop.DBus.NameHasOwner: object_path= /org/freedesktop/DBus: unknown error type: 
[18857:18949:0517/151155.830051:ERROR:./../src/dbus/bus.cc:405] Failed to connect to the bus: Failed to connect to socket /data/data/com.termux/files/usr/var/run/dbus/system_bus_socket: No such file or directory
[18857:18857:0517/151155.836801:ERROR:./../src/dbus/object_proxy.cc:572] Failed to call method: org.freedesktop.DBus.Properties.GetAll: object_path= /org/freedesktop/UPower/devices/DisplayDevice: unknown error type: 
[18857:18949:0517/151155.965470:ERROR:./../src/dbus/bus.cc:405] Failed to connect to the bus: Could not parse server address: Unknown address type (examples of valid types are "tcp" and on UNIX "unix")
[18857:18857:0517/151156.049471:ERROR:./../src/dbus/object_proxy.cc:572] Failed to call method: org.freedesktop.DBus.NameHasOwner: object_path= /org/freedesktop/DBus: unknown error type: 
[18857:18949:0517/151156.049611:ERROR:./../src/dbus/bus.cc:405] Failed to connect to the bus: Could not parse server address: Unknown address type (examples of valid types are "tcp" and on UNIX "unix")
[18857:18857:0517/151156.054475:ERROR:./../src/dbus/object_proxy.cc:572] Failed to call method: org.freedesktop.DBus.NameHasOwner: object_path= /org/freedesktop/DBus: unknown error type: 
[18857:18949:0517/151156.055234:ERROR:./../src/dbus/bus.cc:405] Failed to connect to the bus: Could not parse server address: Unknown address type (examples of valid types are "tcp" and on UNIX "unix")
[18857:18857:0517/151156.057004:ERROR:./../src/dbus/object_proxy.cc:572] Failed to call method: org.freedesktop.DBus.NameHasOwner: object_path= /org/freedesktop/DBus: unknown error type: 
[18857:18949:0517/151156.057091:ERROR:./../src/dbus/bus.cc:405] Failed to connect to the bus: Could not parse server address: Unknown address type (examples of valid types are "tcp" and on UNIX "unix")
[18857:18857:0517/151156.065436:ERROR:./../src/dbus/object_proxy.cc:572] Failed to call method: org.freedesktop.DBus.NameHasOwner: object_path= /org/freedesktop/DBus: unknown error type: 
[18857:18949:0517/151156.065583:ERROR:./../src/dbus/bus.cc:405] Failed to connect to the bus: Could not parse server address: Unknown address type (examples of valid types are "tcp" and on UNIX "unix")
[18857:18857:0517/151156.067141:ERROR:./../src/dbus/object_proxy.cc:572] Failed to call method: org.freedesktop.DBus.NameHasOwner: object_path= /org/freedesktop/DBus: unknown error type: 
137014 bytes written to file /data/data/com.termux/files/home/AItermux/projectying/Aidebug/artifacts/snake-20260517.png
