[3265:3265:0517/151328.195837:ERROR:./../src/base/files/file_path_watcher_inotify.cc:922] Failed to read /proc/sys/fs/inotify/max_user_watches
[3271:3271:0517/151328.195845:ERROR:./../src/base/files/file_path_watcher_inotify.cc:922] Failed to read /proc/sys/fs/inotify/max_user_watches
[3231:3298:0517/151328.220158:ERROR:./../src/base/files/file_path_watcher_inotify.cc:922] Failed to read /proc/sys/fs/inotify/max_user_watches
[3231:3299:0517/151328.219954:ERROR:./../src/dbus/bus.cc:405] Failed to connect to the bus: Failed to connect to socket /data/data/com.termux/files/usr/var/run/dbus/system_bus_socket: No such file or directory
[3231:3299:0517/151328.231504:ERROR:./../src/dbus/bus.cc:405] Failed to connect to the bus: Could not parse server address: Unknown address type (examples of valid types are "tcp" and on UNIX "unix")
[3231:3299:0517/151328.231701:ERROR:./../src/dbus/bus.cc:405] Failed to connect to the bus: Failed to connect to socket /data/data/com.termux/files/usr/var/run/dbus/system_bus_socket: No such file or directory
[3231:3299:0517/151328.231793:ERROR:./../src/dbus/bus.cc:405] Failed to connect to the bus: Failed to connect to socket /data/data/com.termux/files/usr/var/run/dbus/system_bus_socket: No such file or directory
[3231:3300:0517/151328.232353:ERROR:../src/net/base/address_tracker_linux.cc:243] Could not bind NETLINK socket: Permission denied (13)
[3231:3299:0517/151328.249144:ERROR:./../src/dbus/bus.cc:405] Failed to connect to the bus: Could not parse server address: Unknown address type (examples of valid types are "tcp" and on UNIX "unix")
[3231:3299:0517/151328.291946:ERROR:./../src/dbus/bus.cc:405] Failed to connect to the bus: Could not parse server address: Unknown address type (examples of valid types are "tcp" and on UNIX "unix")
[3346:3346:0517/151328.340811:ERROR:./../src/base/memory/shared_memory_switch.cc:289] Failed global descriptor lookup: 7
[3231:3231:0517/151328.480209:ERROR:./../src/dbus/object_proxy.cc:572] Failed to call method: org.freedesktop.DBus.NameHasOwner: object_path= /org/freedesktop/DBus: unknown error type: 
[3231:3299:0517/151328.480437:ERROR:./../src/dbus/bus.cc:405] Failed to connect to the bus: Could not parse server address: Unknown address type (examples of valid types are "tcp" and on UNIX "unix")
[3231:3231:0517/151328.480682:ERROR:./../src/dbus/object_proxy.cc:572] Failed to call method: org.freedesktop.DBus.NameHasOwner: object_path= /org/freedesktop/DBus: unknown error type: 
[3231:3231:0517/151328.493735:ERROR:./../src/dbus/object_proxy.cc:572] Failed to call method: org.freedesktop.DBus.NameHasOwner: object_path= /org/freedesktop/DBus: unknown error type: 
[3231:3299:0517/151328.507947:ERROR:./../src/dbus/bus.cc:405] Failed to connect to the bus: Failed to connect to socket /data/data/com.termux/files/usr/var/run/dbus/system_bus_socket: No such file or directory
[3231:3231:0517/151328.508024:ERROR:./../src/dbus/object_proxy.cc:572] Failed to call method: org.freedesktop.DBus.NameHasOwner: object_path= /org/freedesktop/DBus: unknown error type: 
[3231:3299:0517/151328.508045:ERROR:./../src/dbus/bus.cc:405] Failed to connect to the bus: Failed to connect to socket /data/data/com.termux/files/usr/var/run/dbus/system_bus_socket: No such file or directory
[3231:3231:0517/151328.522222:ERROR:./../src/dbus/object_proxy.cc:572] Failed to call method: org.freedesktop.DBus.Properties.GetAll: object_path= /org/freedesktop/UPower/devices/DisplayDevice: unknown error type: 
[3231:3299:0517/151328.649230:ERROR:./../src/dbus/bus.cc:405] Failed to connect to the bus: Could not parse server address: Unknown address type (examples of valid types are "tcp" and on UNIX "unix")
[3231:3231:0517/151328.832546:ERROR:./../src/dbus/object_proxy.cc:572] Failed to call method: org.freedesktop.DBus.NameHasOwner: object_path= /org/freedesktop/DBus: unknown error type: 
[3231:3299:0517/151328.832800:ERROR:./../src/dbus/bus.cc:405] Failed to connect to the bus: Could not parse server address: Unknown address type (examples of valid types are "tcp" and on UNIX "unix")
[3231:3231:0517/151328.855797:ERROR:./../src/dbus/object_proxy.cc:572] Failed to call method: org.freedesktop.DBus.NameHasOwner: object_path= /org/freedesktop/DBus: unknown error type: 
[3231:3299:0517/151328.856380:ERROR:./../src/dbus/bus.cc:405] Failed to connect to the bus: Could not parse server address: Unknown address type (examples of valid types are "tcp" and on UNIX "unix")
[3231:3231:0517/151328.881601:ERROR:./../src/dbus/object_proxy.cc:572] Failed to call method: org.freedesktop.DBus.NameHasOwner: object_path= /org/freedesktop/DBus: unknown error type: 
[3231:3299:0517/151328.881998:ERROR:./../src/dbus/bus.cc:405] Failed to connect to the bus: Could not parse server address: Unknown address type (examples of valid types are "tcp" and on UNIX "unix")
[3231:3231:0517/151328.901419:ERROR:./../src/dbus/object_proxy.cc:572] Failed to call method: org.freedesktop.DBus.NameHasOwner: object_path= /org/freedesktop/DBus: unknown error type: 
[3231:3299:0517/151328.902052:ERROR:./../src/dbus/bus.cc:405] Failed to connect to the bus: Could not parse server address: Unknown address type (examples of valid types are "tcp" and on UNIX "unix")
[3231:3231:0517/151328.904391:ERROR:./../src/dbus/object_proxy.cc:572] Failed to call method: org.freedesktop.DBus.NameHasOwner: object_path= /org/freedesktop/DBus: unknown error type: 
215647 bytes written to file /data/data/com.termux/files/home/AItermux/projectying/Aidebug/artifacts/snake-20260517-fit.png
